Failed.

2017-11-20 at 21:47:50 Generate AppaAppsPhotoApp version 20171120-44 philiprbrenan/horses

2017-11-20 at 21:47:51 Step: parseSource
2017-11-20 at 21:47:51 Ignored invalid keyword <b>develop</b> for command <b>app</b> on line 7.
  develop = yes
Choose one of: <b>author email icon language maximages name ordered title</b>

--------------------------------------------------------------------------------
do {
  my $a = bless({
    app => bless({
      cmd        => "app",
      end        => 7,
      index      => 0,
      name       => "horses",
      parsedKeys => bless({
                      author    => "philiprbrenan",
                      cmd       => "app",
                      email     => "philiprbrenan\@gmail.com",
                      icon      => "Arabian1.jpg",
                      language  => "en",
                      maximages => 6,
                      name      => "horses",
                      ordered   => "yes, this app is ordered although I am not sure that this is necessary in a newSourceFile",
                      title     => "an app about horses",
                    }, "ParsedKeys"),
      start      => 1,
      title      => "an app about horses",
    }, "ParsedCmd"),
    error => 1,
    log => [
      "\n2017-11-20 at 21:47:50 Generate AppaAppsPhotoApp version 20171120-44 philiprbrenan/horses\n",
      "2017-11-20 at 21:47:51 Step: parseSource",
      "2017-11-20 at 21:47:51 Ignored invalid keyword <b>develop</b> for command <b>app</b> on line 7.\n  develop = yes\nChoose one of: <b>author email icon language maximages name ordered title</b>\n",
    ],
    parsedCmds => [
      'fix',
      bless({
        cmd        => "photo",
        end        => 11,
        index      => 0,
        name       => 1,
        parsedKeys => bless({ afewchars => 1, cmd => "photo", name => 1, title => "one trees" }, "ParsedKeys"),
        start      => 10,
        title      => "one trees",
      }, "ParsedCmd"),
      bless({
        cmd        => "photo",
        end        => 13,
        index      => 1,
        name       => 2,
        parsedKeys => bless({ afewchars => 2, cmd => "photo", name => 2, title => "two" }, "ParsedKeys"),
        start      => 12,
        title      => "two",
      }, "ParsedCmd"),
      bless({
        cmd        => "photo",
        end        => 15,
        index      => 2,
        name       => 3,
        parsedKeys => bless({ afewchars => "tr\xEAs", cmd => "photo", name => 3, title => "three" }, "ParsedKeys"),
        start      => 14,
        title      => "three",
      }, "ParsedCmd"),
      bless({
        cmd        => "photo",
        end        => 17,
        index      => 3,
        name       => 4,
        parsedKeys => bless({ afewchars => 4, cmd => "photo", name => 4, title => "four" }, "ParsedKeys"),
        start      => 16,
        title      => "four",
      }, "ParsedCmd"),
      bless({
        cmd        => "photo",
        end        => 21,
        index      => 4,
        name       => "arab.1",
        parsedKeys => bless({
                        afewchars => "arab",
                        cmd => "photo",
                        name => "arab.1",
                        title => "arabian stallion on green grass",
                        url => "https://raw.githubusercontent.com/philiprbrenan/horses/master/images/Arabian1.jpg",
                      }, "ParsedKeys"),
        start      => 19,
        title      => "arabian stallion on green grass",
      }, "ParsedCmd"),
      bless({
        cmd        => "photo",
        end        => 25,
        index      => 5,
        name       => "arab.2",
        parsedKeys => bless({
                        afewchars => "arab",
                        cmd => "photo",
                        name => "arab.2",
                        title => "arabian stallion on sand",
                        url => "https://raw.githubusercontent.com/philiprbrenan/horses/master/images/Arabian2.jpg",
                      }, "ParsedKeys"),
        start      => 23,
        title      => "arabian stallion on sand",
      }, "ParsedCmd"),
      bless({
        cmd        => "photo",
        end        => 29,
        index      => 6,
        name       => "shetland.1",
        parsedKeys => bless({
                        afewchars => "sp",
                        cmd => "photo",
                        name => "shetland.1",
                        title => "Shetland pony looking at you",
                        url => "https://raw.githubusercontent.com/philiprbrenan/horses/master/images/ShetlandPony1.jpg",
                      }, "ParsedKeys"),
        start      => 27,
        title      => "Shetland pony looking at you",
      }, "ParsedCmd"),
      bless({
        cmd        => "photo",
        end        => 33,
        index      => 7,
        name       => "shetland.2",
        parsedKeys => bless({
                        afewchars => "sp",
                        cmd => "photo",
                        name => "shetland.2",
                        title => "Shetland pony with saddle",
                        url => "https://raw.githubusercontent.com/philiprbrenan/horses/master/images/ShetlandPony1.jpg",
                      }, "ParsedKeys"),
        start      => 31,
        title      => "Shetland pony with saddle",
      }, "ParsedCmd"),
      bless({
        cmd        => "fact",
        end        => 36,
        index      => 0,
        name       => "arab",
        parsedKeys => bless({
                        cmd   => "fact",
                        name  => "arab",
                        title => "Originated in the deserts of the Arabian Peninsula",
                      }, "ParsedKeys"),
        start      => 36,
        title      => "Originated in the deserts of the Arabian Peninsula",
      }, "ParsedCmd"),
      bless({
        cmd        => "fact",
        end        => 37,
        index      => 1,
        name       => "arab",
        parsedKeys => bless({
                        cmd   => "fact",
                        name  => "arab",
                        title => "One of the oldest breeds dating back at least 4,500 years",
                      }, "ParsedKeys"),
        start      => 37,
        title      => "One of the oldest breeds dating back at least 4,500 years",
      }, "ParsedCmd"),
      bless({
        cmd        => "fact",
        end        => 39,
        index      => 2,
        name       => "shetland",
        parsedKeys => bless({ cmd => "fact", name => "shetland", title => "Small size" }, "ParsedKeys"),
        start      => 39,
        title      => "Small size",
      }, "ParsedCmd"),
      bless({
        cmd        => "fact",
        end        => 40,
        index      => 3,
        name       => "shetland",
        parsedKeys => bless({
                        cmd   => "fact",
                        name  => "shetland",
                        title => "Compact, sturdy build with short legs and a thick coat",
                      }, "ParsedKeys"),
        start      => 40,
        title      => "Compact, sturdy build with short legs and a thick coat",
      }, "ParsedCmd"),
      bless({
        cmd        => "fact",
        end        => 41,
        index      => 4,
        name       => "shetland.2",
        parsedKeys => bless({
                        cmd   => "fact",
                        name  => "shetland.2",
                        title => "Requires a small saddle in winter",
                      }, "ParsedKeys"),
        start      => 41,
        title      => "Requires a small saddle in winter",
      }, "ParsedCmd"),
    ],
    source => "app horses =an app about horses\n  ordered=yes, this app is ordered although I am not sure that this is necessary in a newSourceFile\n  maximages = 6\n  icon = Arabian1.jpg\n  author=philiprbrenan\n  email = philiprbrenan\@gmail.com\n  develop = yes\n# language=en6\n\nphoto 1=one trees\n  afewchars=1\nphoto 2=two\n  afewchars=2\nphoto 3=three\n  afewchars=tr\xEAs\nphoto 4=four\n  afewchars=4\n\nphoto arab.1= arabian stallion on green grass\n  url = https://raw.githubusercontent.com/philiprbrenan/horses/master/images/Arabian1.jpg\n  afewchars=arab\n\nphoto arab.2 = arabian stallion on sand\n  url = https://raw.githubusercontent.com/philiprbrenan/horses/master/images/Arabian2.jpg\n  afewchars=arab\n\nphoto shetland.1= Shetland pony looking at you\n  url = https://raw.githubusercontent.com/philiprbrenan/horses/master/images/ShetlandPony1.jpg\n  afewchars=sp\n\nphoto shetland.2= Shetland pony with saddle\n  url = https://raw.githubusercontent.com/philiprbrenan/horses/master/images/ShetlandPony1.jpg\n  afewchars=sp\n\n \nfact arab = Originated in the deserts of the Arabian Peninsula\nfact arab = One of the oldest breeds dating back at least 4,500 years\n\nfact shetland = Small size\nfact shetland = Compact, sturdy build with short legs and a thick coat\nfact shetland.2  = Requires a small saddle in winter\n",
    sourceFileSha => "6e4a13785a6b0a397cee23d33e6c5b8f2f401edc",
    step => "parseSource",
  }, "Manifest");
  $a->{parsedCmds}[0] = $a->{app};
  $a;
}